TN:
SF:src/controllers/AuthenticationController.ts
FN:4,(anonymous_14)
FN:5,(anonymous_16)
FNF:2
FNH:0
FNDA:0,(anonymous_14)
FNDA:0,(anonymous_16)
DA:2,0
DA:4,0
DA:5,0
DA:9,0
DA:11,0
DA:13,0
DA:15,0
DA:17,0
LF:8
LH:0
BRDA:13,0,0,0
BRF:1
BRH:0
end_of_record
TN:
SF:src/controllers/ComplimentsController.ts
FN:6,(anonymous_14)
FN:7,(anonymous_16)
FN:26,(anonymous_19)
FN:41,(anonymous_22)
FNF:4
FNH:0
FNDA:0,(anonymous_14)
FNDA:0,(anonymous_16)
FNDA:0,(anonymous_19)
FNDA:0,(anonymous_22)
DA:3,0
DA:4,0
DA:6,0
DA:7,0
DA:11,0
DA:12,0
DA:14,0
DA:16,0
DA:17,0
DA:26,0
DA:30,0
DA:32,0
DA:34,0
DA:38,0
DA:41,0
DA:45,0
DA:47,0
DA:49,0
DA:53,0
DA:55,0
LF:20
LH:0
BRDA:16,0,0,0
BRF:1
BRH:0
end_of_record
TN:
SF:src/controllers/TagsController.ts
FN:5,(anonymous_14)
FN:6,(anonymous_16)
FN:17,(anonymous_19)
FNF:3
FNH:0
FNDA:0,(anonymous_14)
FNDA:0,(anonymous_16)
FNDA:0,(anonymous_19)
DA:2,0
DA:3,0
DA:5,0
DA:6,0
DA:10,0
DA:12,0
DA:14,0
DA:17,0
DA:21,0
DA:23,0
DA:25,0
DA:27,0
LF:12
LH:0
BRDA:14,0,0,0
BRDA:23,1,0,0
BRF:2
BRH:0
end_of_record
TN:
SF:src/controllers/UsersController.ts
FN:5,(anonymous_14)
FN:6,(anonymous_16)
FN:24,(anonymous_19)
FNF:3
FNH:0
FNDA:0,(anonymous_14)
FNDA:0,(anonymous_16)
FNDA:0,(anonymous_19)
DA:2,0
DA:3,0
DA:5,0
DA:6,0
DA:10,0
DA:12,0
DA:14,0
DA:15,0
DA:24,0
DA:29,0
DA:31,0
DA:33,0
DA:35,0
DA:37,0
LF:14
LH:0
BRDA:14,0,0,0
BRDA:33,1,0,0
BRF:2
BRH:0
end_of_record
